[    0.000000] Initializing cgroup subsys cpuset
[    0.000000] Initializing cgroup subsys cpu
[    0.000000] Initializing cgroup subsys cpuacct
[    0.000000] Linux version 4.4.0-59-generic (buildd@lgw01-11) (gcc version 5.4.0 20160609 (Ubuntu 5.4.0-6ubuntu1~16.04.4) ) #80-Ubuntu SMP Fri Jan 6 17:47:47 UTC 2017 (Ubuntu 4.4.0-59.80-generic 4.4.35)
[    0.000000] Command line: BOOT_IMAGE=/boot/vmlinuz-4.4.0-59-generic root=LABEL=cloudimg-rootfs ro console=tty1 console=ttyS0
[    0.000000] KERNEL supported cpus:
[    0.000000]   Intel GenuineIntel
[    0.000000]   AMD AuthenticAMD
[    0.000000]   Centaur CentaurHauls
[    0.000000] x86/fpu: xstate_offset[2]:  576, xstate_sizes[2]:  256
[    0.000000] x86/fpu: Supporting XSAVE feature 0x01: 'x87 floating point registers'
[    0.000000] x86/fpu: Supporting XSAVE feature 0x02: 'SSE registers'
[    0.000000] x86/fpu: Supporting XSAVE feature 0x04: 'AVX registers'
[    0.000000] x86/fpu: Enabled xstate features 0x7, context size is 832 bytes, using 'standard' format.
[    0.000000] x86/fpu: Using 'lazy' FPU context switches.
[    0.000000] e820: BIOS-provided physical RAM map:
[    0.000000] BIOS-e820: [mem 0x0000000000000000-0x000000000009fbff] usable
[    0.000000] BIOS-e820: [mem 0x000000000009fc00-0x000000000009ffff] reserved
[    0.000000] BIOS-e820: [mem 0x00000000000f0000-0x00000000000fffff] reserved
[    0.000000] BIOS-e820: [mem 0x0000000000100000-0x000000003ffeffff] usable
[    0.000000] BIOS-e820: [mem 0x000000003fff0000-0x000000003fffffff] ACPI data
[    0.000000] BIOS-e820: [mem 0x00000000fec00000-0x00000000fec00fff] reserved
[    0.000000] BIOS-e820: [mem 0x00000000fee00000-0x00000000fee00fff] reserved
[    0.000000] BIOS-e820: [mem 0x00000000fffc0000-0x00000000ffffffff] reserved
[    0.000000] NX (Execute Disable) protection: active
[    0.000000] SMBIOS 2.5 present.
[    0.000000] Hypervisor detected: KVM
[    0.000000] e820: last_pfn = 0x3fff0 max_arch_pfn = 0x400000000
[    0.000000] MTRR: Disabled
[    0.000000] x86/PAT: MTRRs disabled, skipping PAT initialization too.
[    0.000000] x86/PAT: Configuration [0-7]: WB  WT  UC- UC  WB  WT  UC- UC  
[    0.000000] CPU MTRRs all blank - virtualized system.
[    0.000000] found SMP MP-table at [mem 0x0009fff0-0x0009ffff] mapped at [ffff88000009fff0]
[    0.000000] Scanning 1 areas for low memory corruption
[    0.000000] RAMDISK: [mem 0x36b62000-0x375a8fff]
[    0.000000] ACPI: Early table checksum verification disabled
[    0.000000] ACPI: RSDP 0x00000000000E0000 000024 (v02 VBOX  )
[    0.000000] ACPI: XSDT 0x000000003FFF0030 00003C (v01 VBOX   VBOXXSDT 00000001 ASL  00000061)
[    0.000000] ACPI: FACP 0x000000003FFF00F0 0000F4 (v04 VBOX   VBOXFACP 00000001 ASL  00000061)
[    0.000000] ACPI: DSDT 0x000000003FFF0470 00210F (v01 VBOX   VBOXBIOS 00000002 INTL 20100528)
[    0.000000] ACPI: FACS 0x000000003FFF0200 000040
[    0.000000] ACPI: FACS 0x000000003FFF0200 000040
[    0.000000] ACPI: APIC 0x000000003FFF0240 00005C (v02 VBOX   VBOXAPIC 00000001 ASL  00000061)
[    0.000000] ACPI: SSDT 0x000000003FFF02A0 0001CC (v01 VBOX   VBOXCPUT 00000002 INTL 20100528)
[    0.000000] No NUMA configuration found
[    0.000000] Faking a node at [mem 0x0000000000000000-0x000000003ffeffff]
[    0.000000] NODE_DATA(0) allocated [mem 0x3ffeb000-0x3ffeffff]
[    0.000000] kvm-clock: Using msrs 4b564d01 and 4b564d00
[    0.000000] kvm-clock: cpu 0, msr 0:3ffe3001, primary cpu clock
[    0.000000] kvm-clock: using sched offset of 3063266090 cycles
[    0.000000] clocksource: kvm-clock: mask: 0xffffffffffffffff max_cycles: 0x1cd42e4dffb, max_idle_ns: 881590591483 ns
[    0.000000] Zone ranges:
[    0.000000]   DMA      [mem 0x0000000000001000-0x0000000000ffffff]
[    0.000000]   DMA32    [mem 0x0000000001000000-0x000000003ffeffff]
[    0.000000]   Normal   empty
[    0.000000]   Device   empty
[    0.000000] Movable zone start for each node
[    0.000000] Early memory node ranges
[    0.000000]   node   0: [mem 0x0000000000001000-0x000000000009efff]
[    0.000000]   node   0: [mem 0x0000000000100000-0x000000003ffeffff]
[    0.000000] Initmem setup node 0 [mem 0x0000000000001000-0x000000003ffeffff]
[    0.000000] ACPI: PM-Timer IO Port: 0x4008
[    0.000000] IOAPIC[0]: apic_id 2, version 32, address 0xfec00000, GSI 0-23
[    0.000000] ACPI: INT_SRC_OVR (bus 0 bus_irq 0 global_irq 2 dfl dfl)
[    0.000000] ACPI: INT_SRC_OVR (bus 0 bus_irq 9 global_irq 9 high level)
[    0.000000] Using ACPI (MADT) for SMP configuration information
[    0.000000] smpboot: Allowing 2 CPUs, 0 hotplug CPUs
[    0.000000] PM: Registered nosave memory: [mem 0x00000000-0x00000fff]
[    0.000000] PM: Registered nosave memory: [mem 0x0009f000-0x0009ffff]
[    0.000000] PM: Registered nosave memory: [mem 0x000a0000-0x000effff]
[    0.000000] PM: Registered nosave memory: [mem 0x000f0000-0x000fffff]
[    0.000000] e820: [mem 0x40000000-0xfebfffff] available for PCI devices
[    0.000000] Booting paravirtualized kernel on KVM
[    0.000000] clocksource: refined-jiffies: mask: 0xffffffff max_cycles: 0xffffffff, max_idle_ns: 7645519600211568 ns
[    0.000000] setup_percpu: NR_CPUS:512 nr_cpumask_bits:512 nr_cpu_ids:2 nr_node_ids:1
[    0.000000] PERCPU: Embedded 33 pages/cpu @ffff88003fc00000 s98264 r8192 d28712 u1048576
[    0.000000] PV qspinlock hash table entries: 256 (order: 0, 4096 bytes)
[    0.000000] Built 1 zonelists in Node order, mobility grouping on.  Total pages: 257913
[    0.000000] Policy zone: DMA32
[    0.000000] Kernel command line: BOOT_IMAGE=/boot/vmlinuz-4.4.0-59-generic root=LABEL=cloudimg-rootfs ro console=tty1 console=ttyS0
[    0.000000] PID hash table entries: 4096 (order: 3, 32768 bytes)
[    0.000000] Memory: 1002056K/1048120K available (8436K kernel code, 1291K rwdata, 3960K rodata, 1488K init, 1316K bss, 46064K reserved, 0K cma-reserved)
[    0.000000] SLUB: HWalign=64, Order=0-3, MinObjects=0, CPUs=2, Nodes=1
[    0.000000] Hierarchical RCU implementation.
[    0.000000] 	Build-time adjustment of leaf fanout to 64.
[    0.000000] 	RCU restricting CPUs from NR_CPUS=512 to nr_cpu_ids=2.
[    0.000000] RCU: Adjusting geometry for rcu_fanout_leaf=64, nr_cpu_ids=2
[    0.000000] NR_IRQS:33024 nr_irqs:440 16
[    0.000000] Console: colour VGA+ 80x25
[    0.000000] console [tty1] enabled
[    0.000000] console [ttyS0] enabled
[    0.000000] tsc: Detected 2700.000 MHz processor
[    0.633208] Calibrating delay loop (skipped) preset value.. 5400.00 BogoMIPS (lpj=10800000)
[    0.641012] pid_max: default: 32768 minimum: 301
[    0.699164] ACPI: Core revision 20150930
[    0.700936] ACPI: 2 ACPI AML tables successfully acquired and loaded
[    0.702426] Security Framework initialized
[    0.703381] Yama: becoming mindful.
[    0.704230] AppArmor: AppArmor initialized
[    0.705268] Dentry cache hash table entries: 131072 (order: 8, 1048576 bytes)
[    0.729043] Inode-cache hash table entries: 65536 (order: 7, 524288 bytes)
[    0.744544] Mount-cache hash table entries: 2048 (order: 2, 16384 bytes)
[    0.747129] Mountpoint-cache hash table entries: 2048 (order: 2, 16384 bytes)
[    0.748733] Initializing cgroup subsys io
[    0.760947] Initializing cgroup subsys memory
[    0.761954] Initializing cgroup subsys devices
[    0.801780] Initializing cgroup subsys freezer
[    0.826867] Initializing cgroup subsys net_cls
[    0.827880] Initializing cgroup subsys perf_event
[    0.828964] Initializing cgroup subsys net_prio
[    0.829991] Initializing cgroup subsys hugetlb
[    0.831000] Initializing cgroup subsys pids
[    0.832041] CPU: Physical Processor ID: 0
[    0.832999] CPU: Processor Core ID: 0
[    0.834780] mce: CPU supports 0 MCE banks
[    0.835759] Last level iTLB entries: 4KB 64, 2MB 8, 4MB 8
[    0.860303] Last level dTLB entries: 4KB 64, 2MB 0, 4MB 0, 1GB 4
[    0.890875] Freeing SMP alternatives memory: 32K (ffffffff820b8000 - ffffffff820c0000)
[    0.902413] ftrace: allocating 32064 entries in 126 pages
[    0.940944] smpboot: APIC(0) Converting physical 0 to logical package 0
[    0.963178] smpboot: Max logical packages: 1
[    0.980585] x2apic enabled
[    0.984070] Switched APIC routing to physical x2apic.
[    1.000669] ..TIMER: vector=0x30 apic1=0 pin1=2 apic2=-1 pin2=-1
[    1.156866] smpboot: CPU0: Intel(R) Core(TM) i5-5257U CPU @ 2.70GHz (family: 0x6, model: 0x3d, stepping: 0x4)
[    1.195038] Performance Events: unsupported p6 CPU model 61 no PMU driver, software events only.
[    1.230656] KVM setup paravirtual spinlock
[    1.232339] x86: Booting SMP configuration:
[    1.248097] .... node  #0, CPUs:      #1
[    1.249180] kvm-clock: cpu 1, msr 0:3ffe3041, secondary cpu clock
[    1.263939] mce: CPU supports 0 MCE banks
[    1.266601] x86: Booted up 1 node, 2 CPUs
[    1.280983] smpboot: Total of 2 processors activated (10800.00 BogoMIPS)
[    1.291377] devtmpfs: initialized
[    1.298884] evm: security.selinux
[    1.313109] evm: security.SMACK64
[    1.313919] evm: security.SMACK64EXEC
[    1.314782] evm: security.SMACK64TRANSMUTE
[    1.341855] evm: security.SMACK64MMAP
[    1.342853] evm: security.ima
[    1.347945] evm: security.capability
[    1.363732] clocksource: jiffies: mask: 0xffffffff max_cycles: 0xffffffff, max_idle_ns: 7645041785100000 ns
[    1.413998] pinctrl core: initialized pinctrl subsystem
[    1.415751] RTC time: 15:25:34, date: 02/11/17
[    1.418498] NET: Registered protocol family 16
[    1.437187] cpuidle: using governor ladder
[    1.448762] cpuidle: using governor menu
[    1.453280] PCCT header not found.
[    1.458710] ACPI: bus type PCI registered
[    1.468398] acpiphp: ACPI Hot Plug PCI Controller Driver version: 0.5
[    1.478671] PCI: Using configuration type 1 for base access
[    1.510308] ACPI: Added _OSI(Module Device)
[    1.512376] ACPI: Added _OSI(Processor Device)
[    1.514268] ACPI: Added _OSI(3.0 _SCP Extensions)
[    1.515730] ACPI: Added _OSI(Processor Aggregator Device)
[    1.517965] ACPI: Executed 1 blocks of module-level executable AML code
[    1.522226] ACPI: Interpreter enabled
[    1.537674] ACPI: (supports S0 S5)
[    1.540162] ACPI: Using IOAPIC for interrupt routing
[    1.556102] PCI: Using host bridge windows from ACPI; if necessary, use "pci=nocrs" and report a bug
[    1.585009] ACPI: PCI Root Bridge [PCI0] (domain 0000 [bus 00-ff])
[    1.613919] acpi PNP0A03:00: _OSC: OS supports [ASPM ClockPM Segments MSI]
[    1.620957] acpi PNP0A03:00: _OSC failed (AE_NOT_FOUND); disabling ASPM
[    1.661982] acpi PNP0A03:00: fail to add MMCONFIG information, can't access extended PCI configuration space under this bridge.
[    1.671265] PCI host bridge to bus 0000:00
[    1.672218] pci_bus 0000:00: root bus resource [io  0x0000-0x0cf7 window]
[    1.703116] pci_bus 0000:00: root bus resource [io  0x0d00-0xffff window]
[    1.707069] pci_bus 0000:00: root bus resource [mem 0x000a0000-0x000bffff window]
[    1.708915] pci_bus 0000:00: root bus resource [mem 0x40000000-0xffdfffff window]
[    1.712930] pci_bus 0000:00: root bus resource [bus 00-ff]
[    1.737641] pci 0000:00:01.1: legacy IDE quirk: reg 0x10: [io  0x01f0-0x01f7]
[    1.819179] pci 0000:00:01.1: legacy IDE quirk: reg 0x14: [io  0x03f6]
[    1.820658] pci 0000:00:01.1: legacy IDE quirk: reg 0x18: [io  0x0170-0x0177]
[    1.824206] pci 0000:00:01.1: legacy IDE quirk: reg 0x1c: [io  0x0376]
[    1.841847] pci 0000:00:07.0: quirk: [io  0x4000-0x403f] claimed by PIIX4 ACPI
[    1.865557] pci 0000:00:07.0: quirk: [io  0x4100-0x410f] claimed by PIIX4 SMB
[    1.940266] ACPI: PCI Interrupt Link [LNKA] (IRQs 5 9 10 *11)
[    1.953151] ACPI: PCI Interrupt Link [LNKB] (IRQs 5 9 10 *11)
[    1.970521] ACPI: PCI Interrupt Link [LNKC] (IRQs 5 9 *10 11)
[    1.984655] ACPI: PCI Interrupt Link [LNKD] (IRQs 5 *9 10 11)
[    1.998788] ACPI: Enabled 2 GPEs in block 00 to 07
[    2.007100] vgaarb: setting as boot device: PCI:0000:00:02.0
[    2.024512] vgaarb: device added: PCI:0000:00:02.0,decodes=io+mem,owns=io+mem,locks=none
[    2.046536] vgaarb: loaded
[    2.059836] vgaarb: bridge control possible 0000:00:02.0
[    2.061514] SCSI subsystem initialized
[    2.062740] ACPI: bus type USB registered
[    2.076357] usbcore: registered new interface driver usbfs
[    2.091354] usbcore: registered new interface driver hub
[    2.092555] usbcore: registered new device driver usb
[    2.117365] PCI: Using ACPI for IRQ routing
[    2.141403] NetLabel: Initializing
[    2.149694] NetLabel:  domain hash size = 128
[    2.174307] NetLabel:  protocols = UNLABELED CIPSOv4
[    2.177856] NetLabel:  unlabeled traffic allowed by default
[    2.179259] amd_nb: Cannot enumerate AMD northbridges
[    2.187072] clocksource: Switched to clocksource kvm-clock
[    2.197079] AppArmor: AppArmor Filesystem Enabled
[    2.277386] pnp: PnP ACPI init
[    2.333803] pnp: PnP ACPI: found 3 devices
[    2.407680] clocksource: acpi_pm: mask: 0xffffff max_cycles: 0xffffff, max_idle_ns: 2085701024 ns
[    2.546783] NET: Registered protocol family 2
[    2.548028] TCP established hash table entries: 8192 (order: 4, 65536 bytes)
[    2.583104] TCP bind hash table entries: 8192 (order: 5, 131072 bytes)
[    2.588055] TCP: Hash tables configured (established 8192 bind 8192)
[    2.596592] UDP hash table entries: 512 (order: 2, 16384 bytes)
[    2.602498] UDP-Lite hash table entries: 512 (order: 2, 16384 bytes)
[    2.606882] NET: Registered protocol family 1
[    2.621533] pci 0000:00:00.0: Limiting direct PCI/PCI transfers
[    2.655004] pci 0000:00:01.0: Activating ISA DMA hang workarounds
[    2.673910] Trying to unpack rootfs image as initramfs...
[    4.403209] Freeing initrd memory: 10524K (ffff880036b62000 - ffff8800375a9000)
[    4.481619] RAPL PMU detected, API unit is 2^-32 Joules, 4 fixed counters 10737418240 ms ovfl timer
[    4.646264] hw unit of domain pp0-core 2^-0 Joules
[    4.744209] hw unit of domain package 2^-0 Joules
[    4.747024] hw unit of domain dram 2^-0 Joules
[    4.786760] hw unit of domain pp1-gpu 2^-0 Joules
[    4.835894] platform rtc_cmos: registered platform RTC device (no PNP device found)
[    4.858785] Scanning for low memory corruption every 60 seconds
[    5.046348] futex hash table entries: 512 (order: 3, 32768 bytes)
[    5.142589] audit: initializing netlink subsys (disabled)
[    5.204415] audit: type=2000 audit(1486826741.526:1): initialized
[    5.327929] Initialise system trusted keyring
[    5.395811] HugeTLB registered 2 MB page size, pre-allocated 0 pages
[    5.402613] zbud: loaded
[    5.416364] VFS: Disk quotas dquot_6.6.0
[    5.426703] VFS: Dquot-cache hash table entries: 512 (order 0, 4096 bytes)
[    5.444181] squashfs: version 4.0 (2009/01/31) Phillip Lougher
[    5.478751] fuse init (API version 7.23)
[    5.510548] Key type big_key registered
[    5.518852] Allocating IMA MOK and blacklist keyrings.
[    5.553343] Key type asymmetric registered
[    5.556287] Asymmetric key parser 'x509' registered
[    5.558780] Block layer SCSI generic (bsg) driver version 0.4 loaded (major 249)
[    5.603372] io scheduler noop registered
[    5.632103] io scheduler deadline registered (default)
[    5.666279] io scheduler cfq registered
[    5.667281] pci_hotplug: PCI Hot Plug PCI Core version: 0.5
[    5.697550] pciehp: PCI Express Hot Plug Controller Driver version: 0.4
[    5.732674] ACPI: AC Adapter [AC] (off-line)
[    5.756517] input: Power Button as /devices/LNXSYSTM:00/LNXPWRBN:00/input/input0
[    5.773902] ACPI: Power Button [PWRF]
[    5.774890] input: Sleep Button as /devices/LNXSYSTM:00/LNXSLPBN:00/input/input1
[    5.843672] tsc: Refined TSC clocksource calibration: 2700.536 MHz
[    5.860100] clocksource: tsc: mask: 0xffffffffffffffff max_cycles: 0x26ed38f5346, max_idle_ns: 440795273947 ns
[    5.860110] ACPI: Sleep Button [SLPF]
[    5.869034] GHES: HEST is not enabled!
[    5.873210] ACPI: Battery Slot [BAT0] (battery present)
[    5.969447] Serial: 8250/16550 driver, 32 ports, IRQ sharing enabled
[    5.995636] 00:02: ttyS0 at I/O 0x3f8 (irq = 4, base_baud = 115200) is a 16550A
[    6.035445] Linux agpgart interface v0.103
[    6.039831] brd: module loaded
[    6.050393] loop: module loaded
[    6.054404] scsi host0: ata_piix
[    6.070353] scsi host1: ata_piix
[    6.074354] ata1: PATA max UDMA/33 cmd 0x1f0 ctl 0x3f6 bmdma 0xd000 irq 14
[    6.079757] ata2: PATA max UDMA/33 cmd 0x170 ctl 0x376 bmdma 0xd008 irq 15
[    6.088668] libphy: Fixed MDIO Bus: probed
[    6.093352] tun: Universal TUN/TAP device driver, 1.6
[    6.101069] tun: (C) 1999-2004 Max Krasnyansky <maxk@qualcomm.com>
[    6.111441] PPP generic driver version 2.4.2
[    6.115603] ehci_hcd: USB 2.0 'Enhanced' Host Controller (EHCI) Driver
[    6.128597] ehci-pci: EHCI PCI platform driver
[    6.150933] ehci-platform: EHCI generic platform driver
[    6.183546] ohci_hcd: USB 1.1 'Open' Host Controller (OHCI) Driver
[    6.210452] ohci-pci: OHCI PCI platform driver
[    6.224380] ohci-platform: OHCI generic platform driver
[    6.238483] uhci_hcd: USB Universal Host Controller Interface driver
[    6.263052] i8042: PNP: PS/2 Controller [PNP0303:PS2K,PNP0f03:PS2M] at 0x60,0x64 irq 1,12
[    6.326621] serio: i8042 KBD port at 0x60,0x64 irq 1
[    6.339585] serio: i8042 AUX port at 0x60,0x64 irq 12
[    6.367874] mousedev: PS/2 mouse device common for all mice
[    6.378019] input: AT Translated Set 2 keyboard as /devices/platform/i8042/serio0/input/input2
[    6.402622] rtc_cmos rtc_cmos: rtc core: registered rtc_cmos as rtc0
[    6.490486] rtc_cmos rtc_cmos: alarms up to one day, 114 bytes nvram
[    6.546045] i2c /dev entries driver
[    6.606038] device-mapper: uevent: version 1.0.3
[    6.679268] device-mapper: ioctl: 4.34.0-ioctl (2015-10-28) initialised: dm-devel@redhat.com
[    6.853097] ledtrig-cpu: registered to indicate activity on CPUs
[    6.980893] NET: Registered protocol family 10
[    6.982469] NET: Registered protocol family 17
[    6.999075] Key type dns_resolver registered
[    7.003123] microcode: CPU0 sig=0x306d4, pf=0x40, revision=0x0
[    7.038474] microcode: CPU1 sig=0x306d4, pf=0x40, revision=0x0
[    7.046182] microcode: Microcode Update Driver: v2.01 <tigran@aivazian.fsnet.co.uk>, Peter Oruba
[    7.055599] registered taskstats version 1
[    7.059058] Loading compiled-in X.509 certificates
[    7.065261] Loaded X.509 cert 'Build time autogenerated kernel key: 6ffa6bfaa152a74cd2b6aa1e188cb999d8f5632b'
[    7.074051] zswap: loaded using pool lzo/zbud
[    7.083812] Key type trusted registered
[    7.088602] Key type encrypted registered
[    7.090121] AppArmor: AppArmor sha1 policy hashing enabled
[    7.126672] ima: No TPM chip found, activating TPM-bypass!
[    7.199753] evm: HMAC attrs: 0x1
[    7.200912]   Magic number: 5:765:436
[    7.201888] rtc_cmos rtc_cmos: setting system clock to 2017-02-11 15:25:40 UTC (1486826740)
[    7.205698] BIOS EDD facility v0.16 2004-Jun-25, 0 devices found
[    7.211624] EDD information not available.
[    7.230378] Freeing unused kernel memory: 1488K (ffffffff81f44000 - ffffffff820b8000)
[    7.247827] Write protecting the kernel read-only data: 14336k
[    7.249709] Freeing unused kernel memory: 1792K (ffff880001840000 - ffff880001a00000)
[    7.251871] Freeing unused kernel memory: 136K (ffff880001dde000 - ffff880001e00000)
Loading, please [    7.335088] random: systemd-udevd: uninitialized urandom read (16 bytes read, 3 bits of entropy available)
wait...
startin[    7.335756] random: udevadm: uninitialized urandom read (16 bytes read, 3 bits of entropy available)
g version 229
[    7.335792] random: udevadm: uninitialized urandom read (16 bytes read, 3 bits of entropy available)
[    7.335895] random: udevadm: uninitialized urandom read (16 bytes read, 3 bits of entropy available)
[    7.335930] random: udevadm: uninitialized urandom read (16 bytes read, 3 bits of entropy available)
[    7.335963] random: udevadm: uninitialized urandom read (16 bytes read, 3 bits of entropy available)
[    7.336005] random: udevadm: uninitialized urandom read (16 bytes read, 3 bits of entropy available)
[    7.336044] random: udevadm: uninitialized urandom read (16 bytes read, 3 bits of entropy available)
[    7.336076] random: udevadm: uninitialized urandom read (16 bytes read, 3 bits of entropy available)
[    7.336116] random: udevadm: uninitialized urandom read (16 bytes read, 3 bits of entropy available)
[    7.756446] Fusion MPT base driver 3.04.20
[    7.776686] Copyright (c) 1999-2008 LSI Corporation
[    7.780733] e1000: Intel(R) PRO/1000 Network Driver - version 7.3.21-k8-NAPI
[    7.807142] e1000: Copyright (c) 1999-2006 Intel Corporation.
[    7.816489] Fusion MPT SPI Host driver 3.04.20
[    7.850630] AVX version of gcm_enc/dec engaged.
[    7.917296] AES CTR mode by8 optimization enabled
[    8.076433] input: ImExPS/2 Generic Explorer Mouse as /devices/platform/i8042/serio1/input/input4
[    8.320264] e1000 0000:00:03.0 eth0: (PCI:33MHz:32-bit) 02:ae:6d:d4:e4:a7
[    8.393251] e1000 0000:00:03.0 eth0: Intel(R) PRO/1000 Network Connection
[    8.395698] mptbase: ioc0: Initiating bringup
[    8.398631] e1000 0000:00:03.0 enp0s3: renamed from eth0
[    8.475337] ioc0: LSI53C1030 A0: Capabilities={Initiator}
[    8.654695] scsi host2: ioc0: LSI53C1030 A0, FwRev=00000000h, Ports=1, MaxQ=256, IRQ=20
[    8.931754] scsi 2:0:0:0: Direct-Access     VBOX     HARDDISK         1.0  PQ: 0 ANSI: 5
[    8.961010] scsi target2:0:0: Beginning Domain Validation
[    8.968939] scsi target2:0:0: Domain Validation skipping write tests
[    8.998697] scsi target2:0:0: Ending Domain Validation
[    9.007846] scsi target2:0:0: asynchronous
[    9.009272] scsi 2:0:1:0: Direct-Access     VBOX     HARDDISK         1.0  PQ: 0 ANSI: 5
[    9.011113] scsi target2:0:1: Beginning Domain Validation
[    9.025598] scsi target2:0:1: Domain Validation skipping write tests
[    9.040016] scsi target2:0:1: Ending Domain Validation
[    9.078622] scsi target2:0:1: asynchronous
[    9.098545] sd 2:0:0:0: [sda] 20971520 512-byte logical blocks: (10.7 GB/10.0 GiB)
[    9.217073] sd 2:0:0:0: [sda] Write Protect is off
[    9.217208] sd 2:0:0:0: Attached scsi generic sg0 type 0
[    9.224760] sd 2:0:1:0: Attached scsi generic sg1 type 0
[    9.225108] sd 2:0:1:0: [sdb] 20480 512-byte logical blocks: (10.5 MB/10.0 MiB)
[    9.225240] sd 2:0:1:0: [sdb] Write Protect is off
[    9.225387] sd 2:0:1:0: [sdb] Incomplete mode parameter data
[    9.225389] sd 2:0:1:0: [sdb] Assuming drive cache: write through
[    9.231479] sd 2:0:1:0: [sdb] Attached SCSI disk
[    9.722643] sd 2:0:0:0: [sda] Incomplete mode parameter data
[    9.743975] sd 2:0:0:0: [sda] Assuming drive cache: write through
[    9.809128]  sda: sda1
[    9.833803] sd 2:0:0:0: [sda] Attached SCSI disk
[   10.843595] floppy0: no floppy controllers found
Begin: Loading essential drivers ... [   12.250544] md: linear personality registered for level -1
[   12.254389] md: multipath personality registered for level -4
[   12.288871] md: raid0 personality registered for level 0
[   12.355282] md: raid1 personality registered for level 1
[   12.463486] raid6: sse2x1   gen()  9131 MB/s
[   12.575137] raid6: sse2x1   xor()  4730 MB/s
[   12.723090] raid6: sse2x2   gen()  7157 MB/s
[   12.795255] raid6: sse2x2   xor()  4558 MB/s
[   12.867145] raid6: sse2x4   gen() 10546 MB/s
[   12.939600] raid6: sse2x4   xor()  9433 MB/s
[   12.947203] raid6: using algorithm sse2x4 gen() 10546 MB/s
[   12.953866] raid6: .... xor() 9433 MB/s, rmw enabled
[   12.956211] raid6: using ssse3x2 recovery algorithm
[   12.966121] xor: automatically using best checksumming function:
[   13.063339]    avx       : 24748.000 MB/sec
[   13.124262] async_tx: api initialized (async)
[   13.159455] md: raid6 personality registered for level 6
[   13.219949] md: raid5 personality registered for level 5
[   13.260238] md: raid4 personality registered for level 4
[   13.281129] md: raid10 personality registered for level 10
done.
Begin: Running /scripts/init-premount ... done.
Begin: Mounti[   13.337773] Btrfs loaded
ng root file system ... Begin: Running /scripts/local-top ... done.
Begin: Running /scripts/local-premount ... Scanning for Btrfs filesystems
done.
Warning: fsck no[   13.397432] EXT4-fs (sda1): mounted filesystem with ordered data mode. Opts: (null)
t present, so skipping root file system
done.
Begin: Running /scripts/local-bottom ... done.
Begin: Running /scripts/init-bottom ... done.
[   13.567329] systemd[1]: systemd 229 running in system mode. (+PAM +AUDIT +SELINUX +IMA +APPARMOR +SMACK +SYSVINIT +UTMP +LIBCRYPTSETUP +GCRYPT +GNUTLS +ACL +XZ -LZ4 +SECCOMP +BLKID +ELFUTILS +KMOD -IDN)
[   13.668544] systemd[1]: Detected virtualization oracle.
[   13.669713] systemd[1]: Detected architecture x86-64.

Welcome to [1mUbuntu 16.04.1 LTS[0m!

[   13.736986] systemd[1]: Set hostname to <ubuntu>.
[   13.748657] systemd[1]: Initializing machine ID from random generator.
[   13.761341] systemd[1]: Installed transient /etc/machine-id file.
[   13.879481] systemd[1]: Listening on LVM2 metadata daemon socket.
[[0;32m  OK  [0m] Listening on LVM2 metadata daemon socket.
[   13.975303] systemd[1]: Listening on /dev/initctl Compatibility Named Pipe.
[[0;32m  OK  [0m] Listening on /dev/initctl Compatibility Named Pipe.
[   14.047524] systemd[1]: Reached target User and Group Name Lookups.
[[0;32m  OK  [0m] Reached target User and Group Name Lookups.
[   14.081230] systemd[1]: Reached target Swap.
[[0;32m  OK  [0m] Reached target Swap.
[   14.115591] systemd[1]: Listening on LVM2 poll daemon socket.
[[0;32m  OK  [0m] Listening on LVM2 poll daemon socket.
[   14.184043] systemd[1]: Listening on Syslog Socket.
[[0;32m  OK  [0m] Listening on Syslog Socket.
[   14.248550] systemd[1]: Created slice User and Session Slice.
[[0;32m  OK  [0m] Created slice User and Session Slice.
[   14.343557] systemd[1]: Listening on udev Control Socket.
[[0;32m  OK  [0m] Listening on udev Control Socket.
[   14.407910] systemd[1]: Started Forward Password Requests to Wall Directory Watch.
[[0;32m  OK  [0m] Started Forward Password Requests to Wall Directory Watch.
[   14.482507] systemd[1]: Listening on Journal Socket (/dev/log).
[[0;32m  OK  [0m] Listening on Journal Socket (/dev/log).
[   14.499434] systemd[1]: Listening on Journal Audit Socket.
[[0;32m  OK  [0m] Listening on Journal Audit Socket.
[   14.588010] systemd[1]: Created slice System Slice.
[[0;32m  OK  [0m] Created slice System Slice.
[   14.653382] systemd[1]: Reached target Slices.
[[0;32m  OK  [0m] Reached target Slices.
[   14.739499] systemd[1]: Set up automount Arbitrary Executable File Formats File System Automount Point.
[[0;32m  OK  [0m] Set up automount Arbitrary Executab...ats File System Automount Point.
[   14.867575] systemd[1]: Listening on Journal Socket.
[[0;32m  OK  [0m] Listening on Journal Socket.
[   14.907443] systemd[1]: Mounting Huge Pages File System...
         Mounting Huge Pages File System...
[   14.951669] systemd[1]: Starting Uncomplicated firewall...
         Starting Uncomplicated firewall...
[   15.007734] systemd[1]: Mounting Debug File System...
         Mounting Debug File System...
[   15.028282] systemd[1]: Starting Create list of required static device nodes for the current kernel...
[   15.029523] random: nonblocking pool is initialized
         Starting Create list of required st... nodes for the current kernel...
[   15.099522] systemd[1]: Starting Load Kernel Modules...
[   15.115000] Loading iSCSI transport class v2.0-870.
         Startin[   15.186967] iscsi: registered transport (tcp)
g Load Kernel Modules...
[   15.243576] iscsi: registered transport (iser)
[   15.275950] systemd[1]: Mounting POSIX Message Queue File System...
         Mounting POSIX Message Queue File System...
[   15.427538] systemd[1]: Saarting Set console keymap...
         Starting Set console keymap...
[   15.555502] systemd[1]: Listening on udev Kernel Socket.
[[0;32m  OK  [0m] Listening on udev Kernel Socket.
[   15.637000] systemd[1]: Listening on Device-mapper event daemon FIFOs.
[[0;32m  OK  [0m] Listening on Device-mapper event daemon FIFOs.
[   15.747844] systemd[1]: Starting Monitoring of LVM2 mirrors, snapshots etc. using dmeventd or progress polling...
         Starting Monitoring of LVM2 mirrors... dmeventd or progress polling...
[   15.884923] systemd[1]: Reached target Encrypted Volumes.
[[0;32m  OK  [0m] Reached target Encrypted Volumes.
[   15.899440] systemd[1]: Starting Nameserver information manager...
         Starting Nameserver information manager...
[   15.991312] systemd[1]: Starting Journal Service...
         Starting Journal Service...
[   16.007750] systemd[1]: Created slice system-serial\x2dgetty.slice.
[[0;32m  OK  [0m] Created slice system-serial\x2dgetty.slice.
[   16.103553] systemd[1]: Starting Remount Root and Kernel File Systems...
[   16.106332] EXT4-fs (sda1): re-mounted. Opts: (null)
         Starting Remount Root and Kernel File Systems...
[   16.244671] systemd[1]: Mounted POSIX Message Queue File System.
[[0;32m  OK  [0m] Mounted POSIX Message Queue File System.
[   16.387639] systemd[1]: Mounted Debug File System.
[[0;32m  OK  [0m] Mounted Debug File System.
[   16.560048] systemd[1]: Mounted Huge Pages File System.
[[0;32m  OK  [0m] Mounted Huge Pages File System.
[   16.647656] systemd[1]: Started Journal Service.
[[0;32m  OK  [0m] Started Journal Service.
[[0;32m  OK  [0m] Started Uncomplicated firewall.
[[0;32m  OK  [0m] Started Create list of required sta...ce nodes for the current kernel.
[[0;32m  OK  [0m] Started Load Kernel Modules.
[[0;32m  OK  [0m] Started Set console keymap.
[[0;32m  OK  [0m] Started Remount Root and Kernel File Systems.
[[0;32m  OK  [0m] Started Nameserver information manager.
[[0;32m  OK  [0m] Started LVM2 metadata daemon.
         Starting Load/Save Random Seed...
         Starting udev Coldplug all Devices...
         Starting Initial cloud-init job (pre-networking)...
         Starting Apply Kernel Variables...
         Mounting FUSE Control File System...
         Starting Create Static Device Nodes in /dev...
         Starting Flush Journal to Persistent Storage...
[[0;32m  OK  [0m] Mounted FUSE Control File System.
[[0;32m  OK  [0m] Started Monitoring of LVM2 mirrors,...ng dmeventd or progress polling.
[[0;32m  OK  [0m] Started Load/Save Random Seed.
[[0;32m  OK  [0m] Started Apply Kernel Variables.
[[0;32m  OK  [0m] Started Create Static Device Nodes in /dev.
[[0;32m  OK  [0m] Started udev Coldplug all Devices.
[[0;32m  OK  [0m] Started Flush Journal to Persistent Storage.
         Starting udev Kernel Device Manager...
[[0;32m  OK  [0m] Started udev Kernel Device Manager.
[[0;32m  OK  [0m] Reached target Local File Systems (Pre).
[[0;32m  OK  [0m] Reached target Local File Systems.
         Starting Tell Plymouth To Write Out Runtime Data...
         Starting Create Volatile Files and Directories...
         Starting Commit a transient machine-id on disk...
         Starting Set console font and keymap...
         Starting LSB: AppArmor initialization...
[[0;32m  OK  [0m] Started Dispatch Password Requests to Console Directory Watch.
[[0;32m  OK  [0m] Started Tell Plymouth To Write Out Runtime Data.
[[0;32m  OK  [0m] Started Create Volatile Files and Directories.
[[0;32m  OK  [0m] Started Commit a transient machine-id on disk.
[[0;32m  OK  [0m] Found device /dev/ttyS0.
[[0;32m  OK  [0m] Listening on Load/Save RF Kill Switch Status /dev/rfkill Watch.
         Starting Update UTMP about System Boot/Shutdown...
[[0;32m  OK  [0m] Reached target System Time Synchronized.
[   16.648576] cloud-init[472]: Cloud-init v. 0.7.8 running 'init-local' at Sat, 11 Feb 2017 15:25:51 +0000. Up 16.08 seconds.
[[0;32m  OK  [0m] Started Update UTMP about System Boot/Shutdown.
[[0;32m  OK  [0m] Started Set console font and keymap.
[[0;32m  OK  [0m] Started LSB: AppArmor initialization.
[[0;32m  OK  [0m] Started Initial cloud-init job (pre-networking).
[[0;32m  OK  [0m] Reached target Network (Pre).
         Starting Raise network interfaces...
[[0;32m  OK  [0m] Created slice system-getty.slice.
[[0;32m  OK  [0m] Started Raise network interfaces.
         Starting Initial cloud-init job (metadata service crawler)...
[[0;32m  OK  [0m] Reached target Network.
[   19.669133] cloud-init[1033]: Cloud-init v. 0.7.8 running 'init' at Sat, 11 Feb 2017 15:25:54 +0000. Up 19.23 seconds.
[   19.740371] [cloud-init[0;32m  OK  [0m[1033]: ] ci-info: +++++++++++++++++++++++++++++++++++++Net device info++++++++++++++++++++++++++++++++++++++Started Initial cloud-init job (metadata service crawler).

[   19.740944] cloud-init[1033]: ci-info: +--------+------+----------------------------+---------------+-------+-------------------+
[   19.932393] [cloud-init[0;32m  OK  [0m[1033]: ] ci-info: | Device |  Up  |          Address           |      Mask     | Scope |     Hw-Address    |Reached target System Initialization.

[[0;32m  OK  [0m] Started Daily Cleanup of Temporary Directories.
[[0;32m  OK  [0m] Listening on ACPID Listen Socket.
[   19.932971] cloud-init[1033]: ci-info: +--------+------+----------------------------+---------------+-------+-------------------+
[   20.149369] [cloud-init[0;32m  OK  [0m[1033]: ] ci-info: | enp0s3 | True |         10.0.2.15          | 255.255.255.0 |   .   | 02:ae:6d:d4:e4:a7 |Started Timer to automatically refresh installed snaps.

[   20.292948]          cloud-initStarting LXD - unix socket.[1033]: 
ci-info: | enp0s3 | True | fe80::ae:6dff:fed4:e4a7/64 |       .       |  link | 02:ae:6d:d4:e4:a7 |
[   20.396950] [cloud-init[0;32m  OK  [0m[1033]: ] ci-info: |   lo   | True |         127.0.0.1          |   255.0.0.0   |   .   |         .         |Started Trigger resolvconf update for networkd DNS.

[[0;32m  OK  [0m] Listening on D-Bus System Message Bus Socket.
[   20.397834] cloud-init[1033]: ci-info: |   lo   | True |          ::1/128           |       .       |  host |         .         |
[   20.644966] [cloud-init[0;32m  OK  [0m[1033]: ] ci-info: +--------+------+----------------------------+---------------+-------+-------------------+Started ACPI Events Check.

[[0;32m  OK  [0m] Reached target Paths.
[[0;32m  OK  [0m] Started Daily apt activities.
[   20.645549] cloud-init[1033]: ci-info: +++++++++++++++++++++++++++Route IPv4 info++++++++++++++++++++++++++++
[   20.801025] [cloud-init[0;32m  OK  [0m[1033]: ] ci-info: +-------+-------------+----------+---------------+-----------+-------+Reached target Timers.

[   20.872441] [cloud-init[0;32m  OK  [0m[1033]: ] ci-info: | Route | Destination | Gateway  |    Genmask    | Interface | Flags |Listening on UUID daemon activation socket.

         Starting Socket activation for snappy daemon.
[[0;32m  OK  [0m] Reached target Cloud-config availability.
[[0;32m  OK  [0m] Reached target Network is Online.
[   20.873086] cloud-init[1033]: ci-info: +-------+-------------+----------+---------------+-----------+-------+
[   21.020443]          cloud-initStarting iSCSI initiator daemon (iscsid)...[1033]: 
ci-info: |   0   |   0.0.0.0   | 10.0.2.2 |    0.0.0.0    |   enp0s3  |   UG  |
[   21.096326] [cloud-init[0;32m  OK  [0m[1033]: ] ci-info: |   1   |   10.0.2.0  | 0.0.0.0  | 255.255.255.0 |   enp0s3  |   U   |Listening on LXD - unix socket.

[[0;32m  OK  [0m] Listening on Socket activation for snappy daemon.
[   21.096967] cloud-init[1033]: ci-info: +-------+-------------+----------+---------------+-----------+-------+
[[0;32m  OK  [0m] Reached target Sockets.
[[0;32m  OK  [0m] Reached target Basic System.
[   21.269290] cloud-init[1033]: Generating public/private rsa key pair.
[   21.318930]          Starting /etc/rc.local Compatibility...
cloud-init[1033]: Your identification has been saved in /etc/ssh/ssh_host_rsa_key.
[   21.326223] [[0;32m  OK  [0m] Started ACPI event daemon.
[[0;32m  OK  [0m] Started D-Bus System Message Bus.
cloud-init[1033]: Your public key has been saved in /etc/ssh/ssh_host_rsa_key.pub.
[   21.352636] cloud-init[1033]: The key fingerprint is:
         Starting LSB: Record successful boot for GRUB...
[   21.410800] cloud-init[1033]: SHA256:wD30A10CXWPZ9MbiGvnVM6XNlSxjvalRatsXaGmcMO4 root@ubuntu-xenial
[   21.472532]          cloud-initStarting LXD - container startup/shutdown...[1033]: 
The key's randomart image is:
[   21.473133] cloud-init[1033]: +---[RSA 2048]----+
[   21.504582]          cloud-initStarting Accounts Service...[1033]: 
|        ++.o=+.  |
[[0;32m  OK  [0m] Started Deferred execution scheduler.
[   21.559468] cloud-init[1033]: |     . o ooo..+o.|
[   21.616234] [cloud-init[0;32m  OK  [0m[1033]: ] |      o o oo +.=*|Started Regular background program processing daemon.

[   21.616656] cloud-init[1033]: |       . ...=oO**|
[   21.720377]          cloud-initStarting Apply the settings specified in cloud-config...[1033]: 
|        S  .o@o*=|
[   21.780295] [cloud-init[0;32m  OK  [0m[1033]: ] |          . ++=.+|Started FUSE filesystem for LXC.

[   21.780753] cloud-init[1033]: |           E.o...|
[   21.880301]          cloud-initStarting System Logging Service...[1033]: 
|                .|
[   21.944711]          cloud-initStarting LSB: MD monitoring daemon...[1033]: 
|                 |
[   21.976153] cloud-init[1033]: +----[SHA256]-----+
         Starting Login Service...
[   22.039028] cloud-init[1033]: Generating public/private dsa key pair.
[   22.117007]          Starting Pollinate to seed the pseudo random number generator...
cloud-init[1033]: Your identification has been saved in /etc/ssh/ssh_host_dsa_key.
[   22.171679] [cloud-init[0;32m  OK  [0m[1033]: ] Your public key has been saved in /etc/ssh/ssh_host_dsa_key.pub.Started Snappy daemon.

[   22.172184] cloud-init[1033]: The key fingerprint is:
[   22.236456] cloud-init[1033]: SHA256:tZBO4m1GF0+VVG+g+H4Kv+HuX+Nhhs0Afa7bcfYmsuI root@ubuntu-xenial
         Starting Auto import assertions from block devices...
[[0;32m  OK  [0m] Started System Logging Service.
[[0;32m  OK  [0m] Started iSCSI initiator daemon (iscsid).
[[0;32m  OK  [0m] Started /etc/rc.local Compatibility.
[[0;32m  OK  [0m] Started LXD - container startup/shutdown.
[[0;32m  OK  [0m] Started Pollinate to seed the pseudo random number generator.
[[0;32m  OK  [0m] Started Auto import assertions from block devices.
[   22.322734] cloud-init[1033]: The key's randomart image is:
[   22.611262] cloud-init[1033]: +---[DSA 1024]----+
[   22.644500] cloud-init[1033]: |          . .o+o.|
[   22.676666] cloud-init[1033]: |         . =.....|
[   22.720829] cloud-init[1033]: |      . = +.o. .o|
[[0;32m  OK  [0m] Started LSB: Record successful boot for GRUB.
[   22.761255] cloud-init[1033]: |     . * + o. o. |
[   22.804408] cloud-init[1033]: |      . S . .. . |
[   22.836970] cloud-init[1033]: |       o   .  *  |
[   22.868541] cloud-init[1033]: |          . oo.O+|
[   22.908850] cloud-init[1033]: |          .+.+BoB|
[[0;32m  OK  [0m] Started LSB: MD monitoring daemon.
[   22.956755] cloud-init[1033]: |         .E+O*.=.|
         Starting Authenticate and Authorize Users to Run Privileged Tasks...
[   23.025140] cloud-init[1033]: +----[SHA256]-----+
         Starting OpenBSD Secure Shell server...
[   23.030630] cloud-init[1033]: Generating public/private ecdsa key pair.
         Starting Login to default iSCSI targets...
[[0;32m  OK  [0m] Started OpenBSD Secure Shell server.
[   23.102143] cloud-init[[0;32m  OK  [0m] Started Login Service.
[[0;32m  OK  [0m] Started Authenticate and Authorize Users to Run Privileged Tasks.
[[0;32m  OK  [0m] Started Accounts Service.
[1033]: Your identification has been saved in /etc/ssh/ssh_host_ecdsa_key.
[   23.150666]          Stopping OpenBSD Secure Shell server...
cloud-init[1033]: Your public key has been saved in /etc/ssh/ssh_host_ecdsa_key.pub.
[[0;32m  OK  [0m] Stopped OpenBSD Secure Shell server.
[   23.170555] cloud-init[1033]: The key fingerprint is:
[   23.182665] cloud-init[1033]: SHA256:d3ZoIi6qPbXtD2K+Zmjl2BAsicrP0ynY7myxGIctWDY root@ubuntu-xenial
[   23.191017] cloud-init[1033]: The key's randomart image is:
[   23.197370] cloud-init[1033]: +---[ECDSA 256]---+
[   23.200514] cloud-init[1033]: |                 |
[   23.208932] cloud-init[1033]: |                 |
[   23.220827] cloud-init[1033]: | . o             |
[[0;32m  OK  [0m] Started Login to default iSCSI targets.
[   23.239858] cloud-init[1033]: |. E o        .   |
[[0;32m  OK  [0m] Reached target Remote File Systems (Pre).
[[0;32m  OK  [0m] Reached target Remote File Systems.
[   23.284584] cloud-init[1033]: |+ooo .  S o = .  |
[   23.324723] cloud-init[1033]: |o= +. o. o = .   |
[   23.327802] cloud-init[1033]: |  X +O=oo        |
         Starting LSB: automatic crash report generation...
[   23.330842] cloud-init[1033]: | o.X=**o..       |
[   23.396779]          Starting Permit User Sessions...
cloud-init[1033]: |  =*=+oo...      |
[   23.452729]          cloud-initStarting LSB: VirtualBox Linux Additions...[1033]: 
+----[SHA256]-----+
         Starting LSB: Set the CPU Frequency Scaling governor to "ondemand"...
[   23.509381] cloud-init[1033]: Generating public/private ed25519 key pair.
[   23.604920]          cloud-initStarting LSB: daemon to balance interrupts for SMP systems...[1033]: 
Your identification has been saved in /etc/ssh/ssh_host_ed25519_key.
[   23.684879]          cloud-initStarting OpenBSD Secure Shell server...[1033]: 
Your public key has been saved in /etc/ssh/ssh_host_ed25519_key.pub.
[   23.760979] [cloud-init[0;32m  OK  [0m[1033]: ] The key fingerprint is:Started OpenBSD Secure Shell server.

[[0;32m  OK  [0m] Started Permit User Sessions.
[   23.761423] cloud-init[1033]: SHA256:YDDuzU+uQEpaFC5vOT52bEVRoLE1kYiGjxNbGjXpabc root@ubuntu-xenial
[   23.868411] cloud-init[1033]: The key's randomart image is:
[   23.868655] cloud-init[1033]: +--[ED25519 256]--+
[[0;32m  OK  [0m] Started LSB: automatic crash report generation.
[[   23.868793] cloud-init[1033]: | o+o+.*=.        |
[   23.972651] cloud-init[1033]: |+.=+.B.o         |
[   23.972808] [0;32m  OK  [0mcloud-init] [1033]: Started LSB: VirtualBox Linux Additions.|.@o.+ +          |

[   24.025789] cloud-init[1033]: |=+=o.= .         |
[   24.026120] cloud-init[1033]: | oB.o.+ S        |
         Starting Terminate Plymouth Boot Screen...
[   24.026311] cloud-init[1033]: | * =E. +         |
[   24.088295] cloud-init[1033]: |. = =   o        |
         Starting Hold until boot process finishes up...
[   24.088592] cloud-init[1033]: | . + . .         |
[[0;32m  OK  [0m[   24.136776] ] cloud-initStarted LSB: Set the CPU Frequency Scaling governor to "ondemand".[1033]: 
|      .          |
[   24.136896] cloud-init[1033]: +----[SHA256]-----+
[[0;32m  OK  [0m] Started Apply the settings specified in cloud-config.
[[0;32m  OK  [0m[   24.281457] ] cloud-initStarted LSB: daemon to balance interrupts for SMP systems.[1155]: 
Generating locales (this might take a while)...
[   24.368505] cloud-init[1155]:   en_US.UTF-8... done
[[0;32m  OK  [0m] Started Terminate Plymouth Boot Screen.
[   24.369022] cloud-init[1155]: Generation complete.
[   24.444598] cloud-init[1155]: Cloud-init v. 0.7.8 running 'modules:config' at Sat, 11 Feb 2017 15:25:57 +0000. Up 21.97 seconds.
[[0;32m  OK  [0m] Started Hold until boot process finishes up.
[[0;32m  OK  [0m] Started Getty on tty1.
[[0;32m  OK  [0m] Started Serial Getty on ttyS0.
[[0;32m  OK  [0m] Reached target Login Prompts.
         Starting Set console scheme...
[[0;32m  OK  [0m] Reached target Multi-User System.
         Starting Execute cloud user/final scripts...
[[0;32m  OK  [0m] Reached target Graphical Interface.
         Starting Update UTMP about System Runlevel Changes...
[[0;32m  OK  [0m] Started Set console scheme.
[[0;32m  OK  [0m] Started Update UTMP about System Runlevel Changes.
ci-info: no authorized ssh keys fingerprints found for user ubuntu.
<14>Feb 11 15:26:00 ec2: 
<14>Feb 11 15:26:00 ec2: #############################################################
<14>Feb 11 15:26:00 ec2: -----BEGIN SSH HOST KEY FINGERPRINTS-----
<14>Feb 11 15:26:00 ec2: 1024 SHA256:tZBO4m1GF0+VVG+g+H4Kv+HuX+Nhhs0Afa7bcfYmsuI root@ubuntu-xenial (DSA)
<14>Feb 11 15:26:00 ec2: 256 SHA256:d3ZoIi6qPbXtD2K+Zmjl2BAsicrP0ynY7myxGIctWDY root@ubuntu-xenial (ECDSA)
<14>Feb 11 15:26:00 ec2: 256 SHA256:YDDuzU+uQEpaFC5vOT52bEVRoLE1kYiGjxNbGjXpabc root@ubuntu-xenial (ED25519)
<14>Feb 11 15:26:00 ec2: 2048 SHA256:wD30A10CXWPZ9MbiGvnVM6XNlSxjvalRatsXaGmcMO4 root@ubuntu-xenial (RSA)
<14>Feb 11 15:26:00 ec2: -----END SSH HOST KEY FINGERPRINTS-----
<14>Feb 11 15:26:00 ec2: #############################################################
-----BEGIN SSH HOST KEY KEYS-----
ecdsa-sha2-nistp256 AAAAE2VjZHNhLXNoYTItbmlzdHAyNTYAAAAIbmlzdHAyNTYAAABBBOw8j1HoUQLyXbXsmGhF7YAl+INOZ5r4nitSxCdSx3Yoc7H+yhJYME5z8h2ML2UbQyXR89LTZBPmprF0xxMM/fw= root@ubuntu-xenial
ssh-ed25519 AAAAC3NzaC1lZDI1NTE5AAAAIOuaGWVEhoh3cSAzkJzy/rfYVSgDmTbEBX5zYo2fSj5q root@ubuntu-xenial
ssh-rsa AAAAB3NzaC1yc2EAAAADAQABAAABAQC7acgcX2Ly9J4tFepVAAT/jEni0Dwhv+aH/E3rY2Y+EntNz5vhg7UF3F7/zz429KHTWqpu4JHd+ASDHzterEcfOXnPXmMJJdCLcMQ3G87IpiS0rD0eusYvjo3fnh2Ja2PiYpaUcB1DDp4ZGxn0WvCuTbINKe100glTzsNWB/4S6kkDCev/SZ5JdXP+nBfTauXwV9VSdWBRWag15FPZF4GLXOjVKgfcrv8ABN+h6M2zUXzpMaY3FkI5Tba7MIg0QGHu9aUMz7nhjIoPSHMPD+TYW9PyMkL/4Vh9fJ+VGNSx29rhlTzqNoPcGHbh7nwFZTtoZgGYaisKCamLfFG7Uk5R root@ubuntu-xenial
-----END SSH HOST KEY KEYS-----
[   25.402429] cloud-init[1390]: Cloud-init v. 0.7.8 running 'modules:final' at Sat, 11 Feb 2017 15:26:00 +0000. Up 24.94 seconds.
[   25.544239] cloud-init[1390]: ci-info: no authorized ssh keys fingerprints found for user ubuntu.
[   25.544429] cloud-init[1390]: Cloud-init v. 0.7.8 finished at Sat, 11 Feb 2017 15:26:00 +0000. Datasource DataSourceNoCloud [seed=/dev/sdb][dsmode=net].  Up 25.38 seconds
[[0;32m  OK  [0m] Started Execute cloud user/final scripts.
[[0;32m  OK  [0m] Reached target Cloud-init target.

Ubuntu 16.04.1 LTS ubuntu-xenial ttyS0

ubuntu-xenial login: 